app/build/outputs/logs/manifest-merger-debug-report.txt
-- Merging decision tree log ---
manifest
ADDED from src\main\AndroidManifest.xml:1:1-22:12
	package
		ADDED from src\main\AndroidManifest.xml:2:5-31
		INJECTED from src\main\AndroidManifest.xml
		INJECTED from src\main\AndroidManifest.xml
	android:versionName
		ADDED from src\main\AndroidManifest.xml:4:5-30
		INJECTED from src\main\AndroidManifest.xml
		INJECTED from src\main\AndroidManifest.xml
	android:versionCode
		ADDED from src\main\AndroidManifest.xml:3:5-28
		INJECTED from src\main\AndroidManifest.xml
		INJECTED from src\main\AndroidManifest.xml
	xmlns:android
		ADDED from src\main\AndroidManifest.xml:1:11-69
uses-sdk
ADDED from src\main\AndroidManifest.xml:6:5-72
	android:targetSdkVersion
		ADDED from src\main\AndroidManifest.xml:6:41-69
		INJECTED from src\main\AndroidManifest.xml
		INJECTED from src\main\AndroidManifest.xml
	android:minSdkVersion
		ADDED from src\main\AndroidManifest.xml:6:15-40
		INJECTED from src\main\AndroidManifest.xml
		INJECTED from src\main\AndroidManifest.xml
uses-permission#android.permission.INTERNET
ADDED from src\main\AndroidManifest.xml:7:2-63
	android:name
		ADDED from src\main\AndroidManifest.xml:7:19-61
uses-permission#android.permission.WRITE_EXTERNAL_STORAGE
ADDED from src\main\AndroidManifest.xml:8:2-77
	android:name
		ADDED from src\main\AndroidManifest.xml:8:19-75
application
ADDED from src\main\AndroidManifest.xml:9:5-20:19
	android:label
		ADDED from src\main\AndroidManifest.xml:9:18-50
	android:icon
		ADDED from src\main\AndroidManifest.xml:10:9-45
	android:theme
		ADDED from src\main\AndroidManifest.xml:11:9-40
activity#cn.demo.download.MainActivity
ADDED from src\main\AndroidManifest.xml:12:3-19:21
	android:label
		ADDED from src\main\AndroidManifest.xml:14:14-46
	android:name
		ADDED from src\main\AndroidManifest.xml:13:14-42
intent-filter#android.intent.action.MAIN+android.intent.category.LAUNCHER
ADDED from src\main\AndroidManifest.xml:15:14-18:30
action#android.intent.action.MAIN
ADDED from src\main\AndroidManifest.xml:16:18-70
	android:name
		ADDED from src\main\AndroidManifest.xml:16:26-67
category#android.intent.category.LAUNCHER
ADDED from src\main\AndroidManifest.xml:17:18-78
	android:name
		ADDED from src\main\AndroidManifest.xml:17:28-75